{"D:\\PROJEK 2026\\indonesia-utils\\src\\index.ts": {"path":"D:\\PROJEK 2026\\indonesia-utils\\src\\index.ts","all":true,"statementMap":{"0":{"start":{"line":1,"column":0},"end":{"line":1,"column":36}},"1":{"start":{"line":2,"column":0},"end":{"line":2,"column":32}},"2":{"start":{"line":3,"column":0},"end":{"line":3,"column":33}},"3":{"start":{"line":4,"column":0},"end":{"line":4,"column":33}},"4":{"start":{"line":5,"column":0},"end":{"line":5,"column":30}},"5":{"start":{"line":6,"column":0},"end":{"line":6,"column":34}},"6":{"start":{"line":7,"column":0},"end":{"line":7,"column":34}},"7":{"start":{"line":8,"column":0},"end":{"line":8,"column":34}},"8":{"start":{"line":9,"column":0},"end":{"line":9,"column":38}}},"s":{"0":0,"1":0,"2":0,"3":0,"4":0,"5":0,"6":0,"7":0,"8":0},"branchMap":{"0":{"type":"branch","line":1,"loc":{"start":{"line":1,"column":0},"end":{"line":9,"column":38}},"locations":[{"start":{"line":1,"column":0},"end":{"line":9,"column":38}}]}},"b":{"0":[0]},"fnMap":{"0":{"name":"(empty-report)","decl":{"start":{"line":1,"column":0},"end":{"line":9,"column":38}},"loc":{"start":{"line":1,"column":0},"end":{"line":9,"column":38}},"line":1}},"f":{"0":0}}
,"D:\\PROJEK 2026\\indonesia-utils\\src\\currency\\index.ts": {"path":"D:\\PROJEK 2026\\indonesia-utils\\src\\currency\\index.ts","all":false,"statementMap":{"17":{"start":{"line":18,"column":0},"end":{"line":18,"column":29}},"18":{"start":{"line":19,"column":0},"end":{"line":19,"column":16}},"19":{"start":{"line":20,"column":0},"end":{"line":20,"column":77}},"20":{"start":{"line":21,"column":0},"end":{"line":21,"column":11}},"21":{"start":{"line":22,"column":0},"end":{"line":22,"column":71}},"22":{"start":{"line":23,"column":0},"end":{"line":23,"column":34}},"23":{"start":{"line":24,"column":0},"end":{"line":24,"column":58}},"24":{"start":{"line":25,"column":0},"end":{"line":25,"column":41}},"25":{"start":{"line":26,"column":0},"end":{"line":26,"column":41}},"26":{"start":{"line":27,"column":0},"end":{"line":27,"column":19}},"27":{"start":{"line":28,"column":0},"end":{"line":28,"column":47}},"28":{"start":{"line":29,"column":0},"end":{"line":29,"column":1}},"43":{"start":{"line":44,"column":0},"end":{"line":44,"column":52}},"44":{"start":{"line":45,"column":0},"end":{"line":45,"column":23}},"46":{"start":{"line":47,"column":0},"end":{"line":47,"column":47}},"48":{"start":{"line":49,"column":0},"end":{"line":49,"column":38}},"49":{"start":{"line":50,"column":0},"end":{"line":50,"column":37}},"50":{"start":{"line":51,"column":0},"end":{"line":51,"column":36}},"51":{"start":{"line":52,"column":0},"end":{"line":52,"column":1}},"67":{"start":{"line":68,"column":0},"end":{"line":68,"column":31}},"68":{"start":{"line":69,"column":0},"end":{"line":69,"column":16}},"69":{"start":{"line":70,"column":0},"end":{"line":70,"column":31}},"70":{"start":{"line":71,"column":0},"end":{"line":71,"column":26}},"71":{"start":{"line":72,"column":0},"end":{"line":72,"column":11}},"72":{"start":{"line":73,"column":0},"end":{"line":73,"column":40}},"73":{"start":{"line":74,"column":0},"end":{"line":74,"column":22}},"74":{"start":{"line":75,"column":0},"end":{"line":75,"column":27}},"75":{"start":{"line":76,"column":0},"end":{"line":76,"column":19}},"76":{"start":{"line":77,"column":0},"end":{"line":77,"column":1}}},"s":{"17":1,"18":7,"19":7,"20":7,"21":7,"22":7,"23":7,"24":7,"25":7,"26":7,"27":7,"28":7,"43":1,"44":9,"46":8,"48":8,"49":8,"50":9,"51":9,"67":1,"68":2,"69":2,"70":2,"71":2,"72":2,"73":2,"74":2,"75":2,"76":2},"branchMap":{"0":{"type":"branch","line":18,"loc":{"start":{"line":18,"column":7},"end":{"line":29,"column":1}},"locations":[{"start":{"line":18,"column":7},"end":{"line":29,"column":1}}]},"1":{"type":"branch","line":23,"loc":{"start":{"line":23,"column":16},"end":{"line":23,"column":31}},"locations":[{"start":{"line":23,"column":16},"end":{"line":23,"column":31}}]},"2":{"type":"branch","line":23,"loc":{"start":{"line":23,"column":25},"end":{"line":23,"column":34}},"locations":[{"start":{"line":23,"column":25},"end":{"line":23,"column":34}}]},"3":{"type":"branch","line":44,"loc":{"start":{"line":44,"column":7},"end":{"line":52,"column":1}},"locations":[{"start":{"line":44,"column":7},"end":{"line":52,"column":1}}]},"4":{"type":"branch","line":45,"loc":{"start":{"line":45,"column":14},"end":{"line":45,"column":23}},"locations":[{"start":{"line":45,"column":14},"end":{"line":45,"column":23}}]},"5":{"type":"branch","line":45,"loc":{"start":{"line":45,"column":21},"end":{"line":51,"column":25}},"locations":[{"start":{"line":45,"column":21},"end":{"line":51,"column":25}}]},"6":{"type":"branch","line":51,"loc":{"start":{"line":51,"column":21},"end":{"line":51,"column":29}},"locations":[{"start":{"line":51,"column":21},"end":{"line":51,"column":29}}]},"7":{"type":"branch","line":51,"loc":{"start":{"line":51,"column":25},"end":{"line":51,"column":36}},"locations":[{"start":{"line":51,"column":25},"end":{"line":51,"column":36}}]},"8":{"type":"branch","line":68,"loc":{"start":{"line":68,"column":7},"end":{"line":77,"column":1}},"locations":[{"start":{"line":68,"column":7},"end":{"line":77,"column":1}}]}},"b":{"0":[7],"1":[1],"2":[6],"3":[9],"4":[1],"5":[8],"6":[1],"7":[7],"8":[2]},"fnMap":{"0":{"name":"formatRupiah","decl":{"start":{"line":18,"column":7},"end":{"line":29,"column":1}},"loc":{"start":{"line":18,"column":7},"end":{"line":29,"column":1}},"line":18},"1":{"name":"parseRupiah","decl":{"start":{"line":44,"column":7},"end":{"line":52,"column":1}},"loc":{"start":{"line":44,"column":7},"end":{"line":52,"column":1}},"line":44},"2":{"name":"formatCurrency","decl":{"start":{"line":68,"column":7},"end":{"line":77,"column":1}},"loc":{"start":{"line":68,"column":7},"end":{"line":77,"column":1}},"line":68}},"f":{"0":7,"1":9,"2":2}}
,"D:\\PROJEK 2026\\indonesia-utils\\src\\date\\index.ts": {"path":"D:\\PROJEK 2026\\indonesia-utils\\src\\date\\index.ts","all":false,"statementMap":{"0":{"start":{"line":1,"column":0},"end":{"line":1,"column":15}},"1":{"start":{"line":2,"column":0},"end":{"line":2,"column":12}},"2":{"start":{"line":3,"column":0},"end":{"line":3,"column":13}},"3":{"start":{"line":4,"column":0},"end":{"line":4,"column":10}},"4":{"start":{"line":5,"column":0},"end":{"line":5,"column":10}},"5":{"start":{"line":6,"column":0},"end":{"line":6,"column":8}},"6":{"start":{"line":7,"column":0},"end":{"line":7,"column":9}},"7":{"start":{"line":8,"column":0},"end":{"line":8,"column":9}},"8":{"start":{"line":9,"column":0},"end":{"line":9,"column":12}},"9":{"start":{"line":10,"column":0},"end":{"line":10,"column":14}},"10":{"start":{"line":11,"column":0},"end":{"line":11,"column":12}},"11":{"start":{"line":12,"column":0},"end":{"line":12,"column":13}},"12":{"start":{"line":13,"column":0},"end":{"line":13,"column":13}},"13":{"start":{"line":14,"column":0},"end":{"line":14,"column":2}},"15":{"start":{"line":16,"column":0},"end":{"line":16,"column":21}},"16":{"start":{"line":17,"column":0},"end":{"line":17,"column":8}},"17":{"start":{"line":18,"column":0},"end":{"line":18,"column":8}},"18":{"start":{"line":19,"column":0},"end":{"line":19,"column":8}},"19":{"start":{"line":20,"column":0},"end":{"line":20,"column":8}},"20":{"start":{"line":21,"column":0},"end":{"line":21,"column":8}},"21":{"start":{"line":22,"column":0},"end":{"line":22,"column":8}},"22":{"start":{"line":23,"column":0},"end":{"line":23,"column":8}},"23":{"start":{"line":24,"column":0},"end":{"line":24,"column":8}},"24":{"start":{"line":25,"column":0},"end":{"line":25,"column":8}},"25":{"start":{"line":26,"column":0},"end":{"line":26,"column":8}},"26":{"start":{"line":27,"column":0},"end":{"line":27,"column":8}},"27":{"start":{"line":28,"column":0},"end":{"line":28,"column":8}},"28":{"start":{"line":29,"column":0},"end":{"line":29,"column":2}},"30":{"start":{"line":31,"column":0},"end":{"line":31,"column":78}},"32":{"start":{"line":33,"column":0},"end":{"line":33,"column":69}},"34":{"start":{"line":35,"column":0},"end":{"line":35,"column":53}},"35":{"start":{"line":36,"column":0},"end":{"line":36,"column":40}},"36":{"start":{"line":37,"column":0},"end":{"line":37,"column":32}},"37":{"start":{"line":38,"column":0},"end":{"line":38,"column":32}},"38":{"start":{"line":39,"column":0},"end":{"line":39,"column":42}},"39":{"start":{"line":40,"column":0},"end":{"line":40,"column":3}},"40":{"start":{"line":41,"column":0},"end":{"line":41,"column":16}},"41":{"start":{"line":42,"column":0},"end":{"line":42,"column":1}},"57":{"start":{"line":58,"column":0},"end":{"line":58,"column":93}},"58":{"start":{"line":59,"column":0},"end":{"line":59,"column":42}},"59":{"start":{"line":60,"column":0},"end":{"line":60,"column":60}},"60":{"start":{"line":61,"column":0},"end":{"line":61,"column":3}},"61":{"start":{"line":62,"column":0},"end":{"line":62,"column":69}},"62":{"start":{"line":63,"column":0},"end":{"line":63,"column":1}},"78":{"start":{"line":79,"column":0},"end":{"line":79,"column":90}},"79":{"start":{"line":80,"column":0},"end":{"line":80,"column":37}},"80":{"start":{"line":81,"column":0},"end":{"line":81,"column":57}},"81":{"start":{"line":82,"column":0},"end":{"line":82,"column":3}},"82":{"start":{"line":83,"column":0},"end":{"line":83,"column":63}},"83":{"start":{"line":84,"column":0},"end":{"line":84,"column":1}},"102":{"start":{"line":103,"column":0},"end":{"line":103,"column":39}},"103":{"start":{"line":104,"column":0},"end":{"line":104,"column":31}},"104":{"start":{"line":105,"column":0},"end":{"line":105,"column":81}},"105":{"start":{"line":106,"column":0},"end":{"line":106,"column":11}},"106":{"start":{"line":107,"column":0},"end":{"line":107,"column":25}},"107":{"start":{"line":108,"column":0},"end":{"line":108,"column":30}},"108":{"start":{"line":109,"column":0},"end":{"line":109,"column":91}},"109":{"start":{"line":110,"column":0},"end":{"line":110,"column":31}},"111":{"start":{"line":112,"column":0},"end":{"line":112,"column":49}},"113":{"start":{"line":114,"column":0},"end":{"line":114,"column":20}},"114":{"start":{"line":115,"column":0},"end":{"line":115,"column":44}},"115":{"start":{"line":116,"column":0},"end":{"line":116,"column":37}},"116":{"start":{"line":117,"column":0},"end":{"line":117,"column":3}},"118":{"start":{"line":119,"column":0},"end":{"line":119,"column":21}},"119":{"start":{"line":120,"column":0},"end":{"line":120,"column":56}},"120":{"start":{"line":121,"column":0},"end":{"line":121,"column":60}},"121":{"start":{"line":122,"column":0},"end":{"line":122,"column":45}},"122":{"start":{"line":123,"column":0},"end":{"line":123,"column":3}},"124":{"start":{"line":125,"column":0},"end":{"line":125,"column":16}},"125":{"start":{"line":126,"column":0},"end":{"line":126,"column":1}},"138":{"start":{"line":139,"column":0},"end":{"line":139,"column":75}},"139":{"start":{"line":140,"column":0},"end":{"line":140,"column":25}},"140":{"start":{"line":141,"column":0},"end":{"line":141,"column":33}},"141":{"start":{"line":142,"column":0},"end":{"line":142,"column":1}},"157":{"start":{"line":158,"column":0},"end":{"line":158,"column":40}},"158":{"start":{"line":159,"column":0},"end":{"line":159,"column":31}},"159":{"start":{"line":160,"column":0},"end":{"line":160,"column":36}},"160":{"start":{"line":161,"column":0},"end":{"line":161,"column":11}},"161":{"start":{"line":162,"column":0},"end":{"line":162,"column":36}},"162":{"start":{"line":163,"column":0},"end":{"line":163,"column":25}},"163":{"start":{"line":164,"column":0},"end":{"line":164,"column":62}},"164":{"start":{"line":165,"column":0},"end":{"line":165,"column":54}},"165":{"start":{"line":166,"column":0},"end":{"line":166,"column":58}},"166":{"start":{"line":167,"column":0},"end":{"line":167,"column":24}},"167":{"start":{"line":168,"column":0},"end":{"line":168,"column":70}},"168":{"start":{"line":169,"column":0},"end":{"line":169,"column":28}},"169":{"start":{"line":170,"column":0},"end":{"line":170,"column":34}},"170":{"start":{"line":171,"column":0},"end":{"line":171,"column":1}}},"s":{"0":1,"1":1,"2":1,"3":1,"4":1,"5":1,"6":1,"7":1,"8":1,"9":1,"10":1,"11":1,"12":1,"13":1,"15":1,"16":1,"17":1,"18":1,"19":1,"20":1,"21":1,"22":1,"23":1,"24":1,"25":1,"26":1,"27":1,"28":1,"30":1,"32":1,"34":13,"35":13,"36":4,"37":13,"38":1,"39":1,"40":3,"41":3,"57":1,"58":15,"59":2,"60":2,"61":15,"62":15,"78":1,"79":10,"80":2,"81":2,"82":10,"83":10,"102":1,"103":9,"104":9,"105":9,"106":9,"107":9,"108":9,"109":9,"111":9,"113":9,"114":1,"115":1,"116":1,"118":9,"119":1,"120":1,"121":1,"122":1,"124":8,"125":8,"138":1,"139":2,"140":2,"141":2,"157":1,"158":2,"159":2,"160":2,"161":2,"162":2,"163":2,"164":2,"165":2,"166":2,"167":1,"168":1,"169":2,"170":2},"branchMap":{"0":{"type":"branch","line":35,"loc":{"start":{"line":35,"column":0},"end":{"line":42,"column":1}},"locations":[{"start":{"line":35,"column":0},"end":{"line":42,"column":1}}]},"1":{"type":"branch","line":36,"loc":{"start":{"line":36,"column":28},"end":{"line":36,"column":40}},"locations":[{"start":{"line":36,"column":28},"end":{"line":36,"column":40}}]},"2":{"type":"branch","line":36,"loc":{"start":{"line":36,"column":35},"end":{"line":38,"column":31}},"locations":[{"start":{"line":36,"column":35},"end":{"line":38,"column":31}}]},"3":{"type":"branch","line":38,"loc":{"start":{"line":38,"column":31},"end":{"line":40,"column":3}},"locations":[{"start":{"line":38,"column":31},"end":{"line":40,"column":3}}]},"4":{"type":"branch","line":40,"loc":{"start":{"line":40,"column":2},"end":{"line":42,"column":1}},"locations":[{"start":{"line":40,"column":2},"end":{"line":42,"column":1}}]},"5":{"type":"branch","line":58,"loc":{"start":{"line":58,"column":7},"end":{"line":63,"column":1}},"locations":[{"start":{"line":58,"column":7},"end":{"line":63,"column":1}}]},"6":{"type":"branch","line":59,"loc":{"start":{"line":59,"column":19},"end":{"line":59,"column":41}},"locations":[{"start":{"line":59,"column":19},"end":{"line":59,"column":41}}]},"7":{"type":"branch","line":59,"loc":{"start":{"line":59,"column":41},"end":{"line":61,"column":3}},"locations":[{"start":{"line":59,"column":41},"end":{"line":61,"column":3}}]},"8":{"type":"branch","line":61,"loc":{"start":{"line":61,"column":2},"end":{"line":62,"column":25}},"locations":[{"start":{"line":61,"column":2},"end":{"line":62,"column":25}}]},"9":{"type":"branch","line":62,"loc":{"start":{"line":62,"column":17},"end":{"line":62,"column":51}},"locations":[{"start":{"line":62,"column":17},"end":{"line":62,"column":51}}]},"10":{"type":"branch","line":62,"loc":{"start":{"line":62,"column":47},"end":{"line":62,"column":69}},"locations":[{"start":{"line":62,"column":47},"end":{"line":62,"column":69}}]},"11":{"type":"branch","line":79,"loc":{"start":{"line":79,"column":7},"end":{"line":84,"column":1}},"locations":[{"start":{"line":79,"column":7},"end":{"line":84,"column":1}}]},"12":{"type":"branch","line":80,"loc":{"start":{"line":80,"column":17},"end":{"line":80,"column":36}},"locations":[{"start":{"line":80,"column":17},"end":{"line":80,"column":36}}]},"13":{"type":"branch","line":80,"loc":{"start":{"line":80,"column":36},"end":{"line":82,"column":3}},"locations":[{"start":{"line":80,"column":36},"end":{"line":82,"column":3}}]},"14":{"type":"branch","line":82,"loc":{"start":{"line":82,"column":2},"end":{"line":83,"column":25}},"locations":[{"start":{"line":82,"column":2},"end":{"line":83,"column":25}}]},"15":{"type":"branch","line":83,"loc":{"start":{"line":83,"column":17},"end":{"line":83,"column":48}},"locations":[{"start":{"line":83,"column":17},"end":{"line":83,"column":48}}]},"16":{"type":"branch","line":83,"loc":{"start":{"line":83,"column":44},"end":{"line":83,"column":63}},"locations":[{"start":{"line":83,"column":44},"end":{"line":83,"column":63}}]},"17":{"type":"branch","line":103,"loc":{"start":{"line":103,"column":7},"end":{"line":126,"column":1}},"locations":[{"start":{"line":103,"column":7},"end":{"line":126,"column":1}}]},"18":{"type":"branch","line":114,"loc":{"start":{"line":114,"column":19},"end":{"line":117,"column":3}},"locations":[{"start":{"line":114,"column":19},"end":{"line":117,"column":3}}]},"19":{"type":"branch","line":117,"loc":{"start":{"line":117,"column":2},"end":{"line":119,"column":20}},"locations":[{"start":{"line":117,"column":2},"end":{"line":119,"column":20}}]},"20":{"type":"branch","line":119,"loc":{"start":{"line":119,"column":20},"end":{"line":123,"column":3}},"locations":[{"start":{"line":119,"column":20},"end":{"line":123,"column":3}}]},"21":{"type":"branch","line":123,"loc":{"start":{"line":123,"column":2},"end":{"line":126,"column":1}},"locations":[{"start":{"line":123,"column":2},"end":{"line":126,"column":1}}]},"22":{"type":"branch","line":139,"loc":{"start":{"line":139,"column":7},"end":{"line":142,"column":1}},"locations":[{"start":{"line":139,"column":7},"end":{"line":142,"column":1}}]},"23":{"type":"branch","line":158,"loc":{"start":{"line":158,"column":7},"end":{"line":171,"column":1}},"locations":[{"start":{"line":158,"column":7},"end":{"line":171,"column":1}}]},"24":{"type":"branch","line":167,"loc":{"start":{"line":167,"column":18},"end":{"line":168,"column":70}},"locations":[{"start":{"line":167,"column":18},"end":{"line":168,"column":70}}]},"25":{"type":"branch","line":168,"loc":{"start":{"line":168,"column":68},"end":{"line":169,"column":28}},"locations":[{"start":{"line":168,"column":68},"end":{"line":169,"column":28}}]}},"b":{"0":[13],"1":[9],"2":[4],"3":[1],"4":[3],"5":[15],"6":[14],"7":[2],"8":[13],"9":[3],"10":[10],"11":[10],"12":[9],"13":[2],"14":[8],"15":[2],"16":[6],"17":[9],"18":[1],"19":[8],"20":[1],"21":[8],"22":[2],"23":[2],"24":[1],"25":[1]},"fnMap":{"0":{"name":"toDate","decl":{"start":{"line":35,"column":0},"end":{"line":42,"column":1}},"loc":{"start":{"line":35,"column":0},"end":{"line":42,"column":1}},"line":35},"1":{"name":"getNamaBulan","decl":{"start":{"line":58,"column":7},"end":{"line":63,"column":1}},"loc":{"start":{"line":58,"column":7},"end":{"line":63,"column":1}},"line":58},"2":{"name":"getNamaHari","decl":{"start":{"line":79,"column":7},"end":{"line":84,"column":1}},"loc":{"start":{"line":79,"column":7},"end":{"line":84,"column":1}},"line":79},"3":{"name":"formatTanggalIndonesia","decl":{"start":{"line":103,"column":7},"end":{"line":126,"column":1}},"loc":{"start":{"line":103,"column":7},"end":{"line":126,"column":1}},"line":103},"4":{"name":"formatHariIndonesia","decl":{"start":{"line":139,"column":7},"end":{"line":142,"column":1}},"loc":{"start":{"line":139,"column":7},"end":{"line":142,"column":1}},"line":139},"5":{"name":"formatDateTimeIndonesia","decl":{"start":{"line":158,"column":7},"end":{"line":171,"column":1}},"loc":{"start":{"line":158,"column":7},"end":{"line":171,"column":1}},"line":158}},"f":{"0":13,"1":15,"2":10,"3":9,"4":2,"5":2}}
,"D:\\PROJEK 2026\\indonesia-utils\\src\\email\\index.ts": {"path":"D:\\PROJEK 2026\\indonesia-utils\\src\\email\\index.ts","all":false,"statementMap":{"0":{"start":{"line":1,"column":0},"end":{"line":1,"column":55}},"16":{"start":{"line":17,"column":0},"end":{"line":17,"column":50}},"17":{"start":{"line":18,"column":0},"end":{"line":18,"column":30}},"18":{"start":{"line":19,"column":0},"end":{"line":19,"column":17}},"19":{"start":{"line":20,"column":0},"end":{"line":20,"column":3}},"21":{"start":{"line":22,"column":0},"end":{"line":22,"column":46}},"22":{"start":{"line":23,"column":0},"end":{"line":23,"column":29}},"23":{"start":{"line":24,"column":0},"end":{"line":24,"column":17}},"24":{"start":{"line":25,"column":0},"end":{"line":25,"column":3}},"26":{"start":{"line":27,"column":0},"end":{"line":27,"column":29}},"27":{"start":{"line":28,"column":0},"end":{"line":28,"column":72}},"28":{"start":{"line":29,"column":0},"end":{"line":29,"column":3}},"30":{"start":{"line":31,"column":0},"end":{"line":31,"column":28}},"31":{"start":{"line":32,"column":0},"end":{"line":32,"column":44}},"32":{"start":{"line":33,"column":0},"end":{"line":33,"column":47}},"34":{"start":{"line":35,"column":0},"end":{"line":35,"column":43}},"35":{"start":{"line":36,"column":0},"end":{"line":36,"column":1}}},"s":{"0":1,"16":1,"17":5,"18":1,"19":1,"21":4,"22":5,"23":0,"24":0,"26":5,"27":2,"28":2,"30":2,"31":2,"32":2,"34":2,"35":2},"branchMap":{"0":{"type":"branch","line":17,"loc":{"start":{"line":17,"column":7},"end":{"line":36,"column":1}},"locations":[{"start":{"line":17,"column":7},"end":{"line":36,"column":1}}]},"1":{"type":"branch","line":18,"loc":{"start":{"line":18,"column":29},"end":{"line":20,"column":3}},"locations":[{"start":{"line":18,"column":29},"end":{"line":20,"column":3}}]},"2":{"type":"branch","line":20,"loc":{"start":{"line":20,"column":2},"end":{"line":23,"column":28}},"locations":[{"start":{"line":20,"column":2},"end":{"line":23,"column":28}}]},"3":{"type":"branch","line":23,"loc":{"start":{"line":23,"column":28},"end":{"line":25,"column":3}},"locations":[{"start":{"line":23,"column":28},"end":{"line":25,"column":3}}]},"4":{"type":"branch","line":25,"loc":{"start":{"line":25,"column":2},"end":{"line":27,"column":28}},"locations":[{"start":{"line":25,"column":2},"end":{"line":27,"column":28}}]},"5":{"type":"branch","line":27,"loc":{"start":{"line":27,"column":28},"end":{"line":36,"column":1}},"locations":[{"start":{"line":27,"column":28},"end":{"line":36,"column":1}}]}},"b":{"0":[5],"1":[1],"2":[4],"3":[0],"4":[4],"5":[2]},"fnMap":{"0":{"name":"maskEmail","decl":{"start":{"line":17,"column":7},"end":{"line":36,"column":1}},"loc":{"start":{"line":17,"column":7},"end":{"line":36,"column":1}},"line":17}},"f":{"0":5}}
,"D:\\PROJEK 2026\\indonesia-utils\\src\\id\\index.ts": {"path":"D:\\PROJEK 2026\\indonesia-utils\\src\\id\\index.ts","all":false,"statementMap":{"13":{"start":{"line":14,"column":0},"end":{"line":14,"column":51}},"14":{"start":{"line":15,"column":0},"end":{"line":15,"column":39}},"15":{"start":{"line":16,"column":0},"end":{"line":16,"column":32}},"16":{"start":{"line":17,"column":0},"end":{"line":17,"column":17}},"17":{"start":{"line":18,"column":0},"end":{"line":18,"column":3}},"19":{"start":{"line":20,"column":0},"end":{"line":20,"column":51}},"20":{"start":{"line":21,"column":0},"end":{"line":21,"column":50}},"21":{"start":{"line":22,"column":0},"end":{"line":22,"column":50}},"22":{"start":{"line":23,"column":0},"end":{"line":23,"column":38}},"23":{"start":{"line":24,"column":0},"end":{"line":24,"column":39}},"24":{"start":{"line":25,"column":0},"end":{"line":25,"column":40}},"25":{"start":{"line":26,"column":0},"end":{"line":26,"column":52}},"28":{"start":{"line":29,"column":0},"end":{"line":29,"column":78}},"29":{"start":{"line":30,"column":0},"end":{"line":30,"column":40}},"30":{"start":{"line":31,"column":0},"end":{"line":31,"column":40}},"31":{"start":{"line":32,"column":0},"end":{"line":32,"column":59}},"34":{"start":{"line":35,"column":0},"end":{"line":35,"column":32}},"35":{"start":{"line":36,"column":0},"end":{"line":36,"column":17}},"36":{"start":{"line":37,"column":0},"end":{"line":37,"column":53}},"37":{"start":{"line":38,"column":0},"end":{"line":38,"column":3}},"39":{"start":{"line":40,"column":0},"end":{"line":40,"column":67}},"40":{"start":{"line":41,"column":0},"end":{"line":41,"column":35}},"42":{"start":{"line":43,"column":0},"end":{"line":43,"column":44}},"43":{"start":{"line":44,"column":0},"end":{"line":44,"column":40}},"46":{"start":{"line":47,"column":0},"end":{"line":47,"column":47}},"47":{"start":{"line":48,"column":0},"end":{"line":48,"column":45}},"48":{"start":{"line":49,"column":0},"end":{"line":49,"column":72}},"50":{"start":{"line":51,"column":0},"end":{"line":51,"column":51}},"51":{"start":{"line":52,"column":0},"end":{"line":52,"column":6}},"52":{"start":{"line":53,"column":0},"end":{"line":53,"column":43}},"53":{"start":{"line":54,"column":0},"end":{"line":54,"column":37}},"54":{"start":{"line":55,"column":0},"end":{"line":55,"column":31}},"55":{"start":{"line":56,"column":0},"end":{"line":56,"column":5}},"56":{"start":{"line":57,"column":0},"end":{"line":57,"column":17}},"57":{"start":{"line":58,"column":0},"end":{"line":58,"column":3}},"59":{"start":{"line":60,"column":0},"end":{"line":60,"column":14}},"60":{"start":{"line":61,"column":0},"end":{"line":61,"column":1}},"73":{"start":{"line":74,"column":0},"end":{"line":74,"column":48}},"74":{"start":{"line":75,"column":0},"end":{"line":75,"column":39}},"75":{"start":{"line":76,"column":0},"end":{"line":76,"column":28}},"76":{"start":{"line":77,"column":0},"end":{"line":77,"column":15}},"77":{"start":{"line":78,"column":0},"end":{"line":78,"column":3}},"78":{"start":{"line":79,"column":0},"end":{"line":79,"column":115}},"79":{"start":{"line":80,"column":0},"end":{"line":80,"column":1}},"94":{"start":{"line":95,"column":0},"end":{"line":95,"column":53}},"95":{"start":{"line":96,"column":0},"end":{"line":96,"column":40}},"97":{"start":{"line":98,"column":0},"end":{"line":98,"column":28}},"99":{"start":{"line":100,"column":0},"end":{"line":100,"column":30}},"100":{"start":{"line":101,"column":0},"end":{"line":101,"column":3}},"102":{"start":{"line":103,"column":0},"end":{"line":103,"column":28}},"103":{"start":{"line":104,"column":0},"end":{"line":104,"column":17}},"104":{"start":{"line":105,"column":0},"end":{"line":105,"column":3}},"106":{"start":{"line":107,"column":0},"end":{"line":107,"column":45}},"107":{"start":{"line":108,"column":0},"end":{"line":108,"column":46}},"109":{"start":{"line":110,"column":0},"end":{"line":110,"column":14}},"110":{"start":{"line":111,"column":0},"end":{"line":111,"column":31}},"111":{"start":{"line":112,"column":0},"end":{"line":112,"column":34}},"112":{"start":{"line":113,"column":0},"end":{"line":113,"column":3}},"114":{"start":{"line":115,"column":0},"end":{"line":115,"column":23}},"115":{"start":{"line":116,"column":0},"end":{"line":116,"column":57}},"117":{"start":{"line":118,"column":0},"end":{"line":118,"column":32}},"118":{"start":{"line":119,"column":0},"end":{"line":119,"column":1}},"134":{"start":{"line":135,"column":0},"end":{"line":135,"column":50}},"135":{"start":{"line":136,"column":0},"end":{"line":136,"column":40}},"137":{"start":{"line":138,"column":0},"end":{"line":138,"column":28}},"138":{"start":{"line":139,"column":0},"end":{"line":139,"column":138}},"139":{"start":{"line":140,"column":0},"end":{"line":140,"column":3}},"141":{"start":{"line":142,"column":0},"end":{"line":142,"column":28}},"142":{"start":{"line":143,"column":0},"end":{"line":143,"column":28}},"143":{"start":{"line":144,"column":0},"end":{"line":144,"column":3}},"145":{"start":{"line":146,"column":0},"end":{"line":146,"column":14}},"146":{"start":{"line":147,"column":0},"end":{"line":147,"column":1}}},"s":{"13":1,"14":9,"15":9,"16":1,"17":1,"19":8,"20":8,"21":8,"22":8,"23":8,"24":8,"25":8,"28":9,"29":9,"30":9,"31":9,"34":6,"35":9,"36":2,"37":2,"39":6,"40":6,"42":9,"43":9,"46":4,"47":4,"48":9,"50":9,"51":9,"52":9,"53":4,"54":3,"55":9,"56":1,"57":1,"59":3,"60":3,"73":1,"74":3,"75":3,"76":1,"77":1,"78":2,"79":2,"94":1,"95":5,"97":5,"99":1,"100":1,"102":5,"103":1,"104":1,"106":3,"107":3,"109":3,"110":5,"111":27,"112":27,"114":3,"115":5,"117":5,"118":5,"134":1,"135":3,"137":3,"138":1,"139":1,"141":3,"142":1,"143":1,"145":1,"146":1},"branchMap":{"0":{"type":"branch","line":14,"loc":{"start":{"line":14,"column":7},"end":{"line":61,"column":1}},"locations":[{"start":{"line":14,"column":7},"end":{"line":61,"column":1}}]},"1":{"type":"branch","line":16,"loc":{"start":{"line":16,"column":31},"end":{"line":18,"column":3}},"locations":[{"start":{"line":16,"column":31},"end":{"line":18,"column":3}}]},"2":{"type":"branch","line":18,"loc":{"start":{"line":18,"column":2},"end":{"line":29,"column":30}},"locations":[{"start":{"line":18,"column":2},"end":{"line":29,"column":30}}]},"3":{"type":"branch","line":29,"loc":{"start":{"line":29,"column":30},"end":{"line":29,"column":78}},"locations":[{"start":{"line":29,"column":30},"end":{"line":29,"column":78}}]},"4":{"type":"branch","line":29,"loc":{"start":{"line":29,"column":37},"end":{"line":30,"column":27}},"locations":[{"start":{"line":29,"column":37},"end":{"line":30,"column":27}}]},"5":{"type":"branch","line":30,"loc":{"start":{"line":30,"column":27},"end":{"line":30,"column":40}},"locations":[{"start":{"line":30,"column":27},"end":{"line":30,"column":40}}]},"6":{"type":"branch","line":30,"loc":{"start":{"line":30,"column":34},"end":{"line":31,"column":27}},"locations":[{"start":{"line":30,"column":34},"end":{"line":31,"column":27}}]},"7":{"type":"branch","line":31,"loc":{"start":{"line":31,"column":27},"end":{"line":31,"column":40}},"locations":[{"start":{"line":31,"column":27},"end":{"line":31,"column":40}}]},"8":{"type":"branch","line":31,"loc":{"start":{"line":31,"column":34},"end":{"line":32,"column":24}},"locations":[{"start":{"line":31,"column":34},"end":{"line":32,"column":24}}]},"9":{"type":"branch","line":32,"loc":{"start":{"line":32,"column":17},"end":{"line":32,"column":59}},"locations":[{"start":{"line":32,"column":17},"end":{"line":32,"column":59}}]},"10":{"type":"branch","line":32,"loc":{"start":{"line":32,"column":24},"end":{"line":36,"column":16}},"locations":[{"start":{"line":32,"column":24},"end":{"line":36,"column":16}}]},"11":{"type":"branch","line":36,"loc":{"start":{"line":36,"column":16},"end":{"line":38,"column":3}},"locations":[{"start":{"line":36,"column":16},"end":{"line":38,"column":3}}]},"12":{"type":"branch","line":38,"loc":{"start":{"line":38,"column":2},"end":{"line":43,"column":31}},"locations":[{"start":{"line":38,"column":2},"end":{"line":43,"column":31}}]},"13":{"type":"branch","line":43,"loc":{"start":{"line":43,"column":31},"end":{"line":43,"column":44}},"locations":[{"start":{"line":43,"column":31},"end":{"line":43,"column":44}}]},"14":{"type":"branch","line":43,"loc":{"start":{"line":43,"column":38},"end":{"line":44,"column":27}},"locations":[{"start":{"line":43,"column":38},"end":{"line":44,"column":27}}]},"15":{"type":"branch","line":44,"loc":{"start":{"line":44,"column":27},"end":{"line":44,"column":40}},"locations":[{"start":{"line":44,"column":27},"end":{"line":44,"column":40}}]},"16":{"type":"branch","line":44,"loc":{"start":{"line":44,"column":34},"end":{"line":49,"column":46}},"locations":[{"start":{"line":44,"column":34},"end":{"line":49,"column":46}}]},"17":{"type":"branch","line":49,"loc":{"start":{"line":49,"column":27},"end":{"line":49,"column":60}},"locations":[{"start":{"line":49,"column":27},"end":{"line":49,"column":60}}]},"18":{"type":"branch","line":49,"loc":{"start":{"line":49,"column":53},"end":{"line":49,"column":72}},"locations":[{"start":{"line":49,"column":53},"end":{"line":49,"column":72}}]},"19":{"type":"branch","line":53,"loc":{"start":{"line":53,"column":32},"end":{"line":54,"column":37}},"locations":[{"start":{"line":53,"column":32},"end":{"line":54,"column":37}}]},"20":{"type":"branch","line":54,"loc":{"start":{"line":54,"column":29},"end":{"line":55,"column":31}},"locations":[{"start":{"line":54,"column":29},"end":{"line":55,"column":31}}]},"21":{"type":"branch","line":56,"loc":{"start":{"line":56,"column":4},"end":{"line":58,"column":3}},"locations":[{"start":{"line":56,"column":4},"end":{"line":58,"column":3}}]},"22":{"type":"branch","line":58,"loc":{"start":{"line":58,"column":2},"end":{"line":61,"column":1}},"locations":[{"start":{"line":58,"column":2},"end":{"line":61,"column":1}}]},"23":{"type":"branch","line":74,"loc":{"start":{"line":74,"column":7},"end":{"line":80,"column":1}},"locations":[{"start":{"line":74,"column":7},"end":{"line":80,"column":1}}]},"24":{"type":"branch","line":76,"loc":{"start":{"line":76,"column":27},"end":{"line":78,"column":3}},"locations":[{"start":{"line":76,"column":27},"end":{"line":78,"column":3}}]},"25":{"type":"branch","line":78,"loc":{"start":{"line":78,"column":2},"end":{"line":80,"column":1}},"locations":[{"start":{"line":78,"column":2},"end":{"line":80,"column":1}}]},"26":{"type":"branch","line":95,"loc":{"start":{"line":95,"column":7},"end":{"line":119,"column":1}},"locations":[{"start":{"line":95,"column":7},"end":{"line":119,"column":1}}]},"27":{"type":"branch","line":98,"loc":{"start":{"line":98,"column":27},"end":{"line":101,"column":3}},"locations":[{"start":{"line":98,"column":27},"end":{"line":101,"column":3}}]},"28":{"type":"branch","line":101,"loc":{"start":{"line":101,"column":2},"end":{"line":103,"column":27}},"locations":[{"start":{"line":101,"column":2},"end":{"line":103,"column":27}}]},"29":{"type":"branch","line":103,"loc":{"start":{"line":103,"column":27},"end":{"line":105,"column":3}},"locations":[{"start":{"line":103,"column":27},"end":{"line":105,"column":3}}]},"30":{"type":"branch","line":105,"loc":{"start":{"line":105,"column":2},"end":{"line":111,"column":30}},"locations":[{"start":{"line":105,"column":2},"end":{"line":111,"column":30}}]},"31":{"type":"branch","line":111,"loc":{"start":{"line":111,"column":30},"end":{"line":113,"column":3}},"locations":[{"start":{"line":111,"column":30},"end":{"line":113,"column":3}}]},"32":{"type":"branch","line":113,"loc":{"start":{"line":113,"column":2},"end":{"line":116,"column":44}},"locations":[{"start":{"line":113,"column":2},"end":{"line":116,"column":44}}]},"33":{"type":"branch","line":116,"loc":{"start":{"line":116,"column":40},"end":{"line":116,"column":48}},"locations":[{"start":{"line":116,"column":40},"end":{"line":116,"column":48}}]},"34":{"type":"branch","line":116,"loc":{"start":{"line":116,"column":44},"end":{"line":116,"column":57}},"locations":[{"start":{"line":116,"column":44},"end":{"line":116,"column":57}}]},"35":{"type":"branch","line":135,"loc":{"start":{"line":135,"column":7},"end":{"line":147,"column":1}},"locations":[{"start":{"line":135,"column":7},"end":{"line":147,"column":1}}]},"36":{"type":"branch","line":138,"loc":{"start":{"line":138,"column":27},"end":{"line":140,"column":3}},"locations":[{"start":{"line":138,"column":27},"end":{"line":140,"column":3}}]},"37":{"type":"branch","line":140,"loc":{"start":{"line":140,"column":2},"end":{"line":142,"column":27}},"locations":[{"start":{"line":140,"column":2},"end":{"line":142,"column":27}}]},"38":{"type":"branch","line":142,"loc":{"start":{"line":142,"column":27},"end":{"line":147,"column":1}},"locations":[{"start":{"line":142,"column":27},"end":{"line":147,"column":1}}]}},"b":{"0":[9],"1":[1],"2":[8],"3":[1],"4":[7],"5":[0],"6":[7],"7":[0],"8":[7],"9":[1],"10":[6],"11":[2],"12":[6],"13":[0],"14":[6],"15":[2],"16":[4],"17":[0],"18":[4],"19":[4],"20":[3],"21":[1],"22":[3],"23":[3],"24":[1],"25":[2],"26":[5],"27":[1],"28":[4],"29":[1],"30":[3],"31":[27],"32":[3],"33":[0],"34":[3],"35":[3],"36":[1],"37":[2],"38":[1]},"fnMap":{"0":{"name":"validateNIK","decl":{"start":{"line":14,"column":7},"end":{"line":61,"column":1}},"loc":{"start":{"line":14,"column":7},"end":{"line":61,"column":1}},"line":14},"1":{"name":"formatNIK","decl":{"start":{"line":74,"column":7},"end":{"line":80,"column":1}},"loc":{"start":{"line":74,"column":7},"end":{"line":80,"column":1}},"line":74},"2":{"name":"validateNPWP","decl":{"start":{"line":95,"column":7},"end":{"line":119,"column":1}},"loc":{"start":{"line":95,"column":7},"end":{"line":119,"column":1}},"line":95},"3":{"name":"formatNPWP","decl":{"start":{"line":135,"column":7},"end":{"line":147,"column":1}},"loc":{"start":{"line":135,"column":7},"end":{"line":147,"column":1}},"line":135}},"f":{"0":9,"1":3,"2":5,"3":3}}
,"D:\\PROJEK 2026\\indonesia-utils\\src\\number\\index.ts": {"path":"D:\\PROJEK 2026\\indonesia-utils\\src\\number\\index.ts","all":false,"statementMap":{"15":{"start":{"line":16,"column":0},"end":{"line":16,"column":70}},"16":{"start":{"line":17,"column":0},"end":{"line":17,"column":18}},"17":{"start":{"line":18,"column":0},"end":{"line":18,"column":54}},"18":{"start":{"line":19,"column":0},"end":{"line":19,"column":3}},"19":{"start":{"line":20,"column":0},"end":{"line":20,"column":43}},"20":{"start":{"line":21,"column":0},"end":{"line":21,"column":1}},"37":{"start":{"line":38,"column":0},"end":{"line":38,"column":100}},"38":{"start":{"line":39,"column":0},"end":{"line":39,"column":18}},"39":{"start":{"line":40,"column":0},"end":{"line":40,"column":54}},"40":{"start":{"line":41,"column":0},"end":{"line":41,"column":3}},"41":{"start":{"line":42,"column":0},"end":{"line":42,"column":71}},"42":{"start":{"line":43,"column":0},"end":{"line":43,"column":1}},"57":{"start":{"line":58,"column":0},"end":{"line":58,"column":62}},"58":{"start":{"line":59,"column":0},"end":{"line":59,"column":29}},"59":{"start":{"line":60,"column":0},"end":{"line":60,"column":31}},"60":{"start":{"line":61,"column":0},"end":{"line":61,"column":47}},"61":{"start":{"line":62,"column":0},"end":{"line":62,"column":38}},"62":{"start":{"line":63,"column":0},"end":{"line":63,"column":1}},"77":{"start":{"line":78,"column":0},"end":{"line":78,"column":87}},"78":{"start":{"line":79,"column":0},"end":{"line":79,"column":61}},"79":{"start":{"line":80,"column":0},"end":{"line":80,"column":1}}},"s":{"15":1,"16":4,"17":1,"18":1,"19":3,"20":3,"37":1,"38":8,"39":1,"40":1,"41":8,"42":8,"57":1,"58":5,"59":5,"60":5,"61":5,"62":5,"77":1,"78":2,"79":2},"branchMap":{"0":{"type":"branch","line":16,"loc":{"start":{"line":16,"column":7},"end":{"line":21,"column":1}},"locations":[{"start":{"line":16,"column":7},"end":{"line":21,"column":1}}]},"1":{"type":"branch","line":17,"loc":{"start":{"line":17,"column":17},"end":{"line":19,"column":3}},"locations":[{"start":{"line":17,"column":17},"end":{"line":19,"column":3}}]},"2":{"type":"branch","line":19,"loc":{"start":{"line":19,"column":2},"end":{"line":21,"column":1}},"locations":[{"start":{"line":19,"column":2},"end":{"line":21,"column":1}}]},"3":{"type":"branch","line":38,"loc":{"start":{"line":38,"column":7},"end":{"line":43,"column":1}},"locations":[{"start":{"line":38,"column":7},"end":{"line":43,"column":1}}]},"4":{"type":"branch","line":39,"loc":{"start":{"line":39,"column":17},"end":{"line":41,"column":3}},"locations":[{"start":{"line":39,"column":17},"end":{"line":41,"column":3}}]},"5":{"type":"branch","line":41,"loc":{"start":{"line":41,"column":2},"end":{"line":42,"column":21}},"locations":[{"start":{"line":41,"column":2},"end":{"line":42,"column":21}}]},"6":{"type":"branch","line":42,"loc":{"start":{"line":42,"column":9},"end":{"line":42,"column":48}},"locations":[{"start":{"line":42,"column":9},"end":{"line":42,"column":48}}]},"7":{"type":"branch","line":42,"loc":{"start":{"line":42,"column":42},"end":{"line":42,"column":71}},"locations":[{"start":{"line":42,"column":42},"end":{"line":42,"column":71}}]},"8":{"type":"branch","line":42,"loc":{"start":{"line":42,"column":54},"end":{"line":42,"column":71}},"locations":[{"start":{"line":42,"column":54},"end":{"line":42,"column":71}}]},"9":{"type":"branch","line":58,"loc":{"start":{"line":58,"column":7},"end":{"line":63,"column":1}},"locations":[{"start":{"line":58,"column":7},"end":{"line":63,"column":1}}]},"10":{"type":"branch","line":62,"loc":{"start":{"line":62,"column":9},"end":{"line":62,"column":34}},"locations":[{"start":{"line":62,"column":9},"end":{"line":62,"column":34}}]},"11":{"type":"branch","line":62,"loc":{"start":{"line":62,"column":29},"end":{"line":62,"column":38}},"locations":[{"start":{"line":62,"column":29},"end":{"line":62,"column":38}}]},"12":{"type":"branch","line":78,"loc":{"start":{"line":78,"column":7},"end":{"line":80,"column":1}},"locations":[{"start":{"line":78,"column":7},"end":{"line":80,"column":1}}]}},"b":{"0":[4],"1":[1],"2":[3],"3":[8],"4":[1],"5":[7],"6":[4],"7":[3],"8":[2],"9":[5],"10":[2],"11":[3],"12":[2]},"fnMap":{"0":{"name":"clamp","decl":{"start":{"line":16,"column":7},"end":{"line":21,"column":1}},"loc":{"start":{"line":16,"column":7},"end":{"line":21,"column":1}},"line":16},"1":{"name":"between","decl":{"start":{"line":38,"column":7},"end":{"line":43,"column":1}},"loc":{"start":{"line":38,"column":7},"end":{"line":43,"column":1}},"line":38},"2":{"name":"padNumber","decl":{"start":{"line":58,"column":7},"end":{"line":63,"column":1}},"loc":{"start":{"line":58,"column":7},"end":{"line":63,"column":1}},"line":58},"3":{"name":"formatNumber","decl":{"start":{"line":78,"column":7},"end":{"line":80,"column":1}},"loc":{"start":{"line":78,"column":7},"end":{"line":80,"column":1}},"line":78}},"f":{"0":4,"1":8,"2":5,"3":2}}
,"D:\\PROJEK 2026\\indonesia-utils\\src\\phone\\index.ts": {"path":"D:\\PROJEK 2026\\indonesia-utils\\src\\phone\\index.ts","all":false,"statementMap":{"14":{"start":{"line":15,"column":0},"end":{"line":15,"column":55}},"16":{"start":{"line":17,"column":0},"end":{"line":17,"column":45}},"18":{"start":{"line":19,"column":0},"end":{"line":19,"column":32}},"19":{"start":{"line":20,"column":0},"end":{"line":20,"column":17}},"20":{"start":{"line":21,"column":0},"end":{"line":21,"column":3}},"21":{"start":{"line":22,"column":0},"end":{"line":22,"column":31}},"22":{"start":{"line":23,"column":0},"end":{"line":23,"column":23}},"23":{"start":{"line":24,"column":0},"end":{"line":24,"column":3}},"24":{"start":{"line":25,"column":0},"end":{"line":25,"column":31}},"25":{"start":{"line":26,"column":0},"end":{"line":26,"column":34}},"26":{"start":{"line":27,"column":0},"end":{"line":27,"column":3}},"27":{"start":{"line":28,"column":0},"end":{"line":28,"column":30}},"28":{"start":{"line":29,"column":0},"end":{"line":29,"column":25}},"29":{"start":{"line":30,"column":0},"end":{"line":30,"column":3}},"30":{"start":{"line":31,"column":0},"end":{"line":31,"column":15}},"31":{"start":{"line":32,"column":0},"end":{"line":32,"column":1}},"47":{"start":{"line":48,"column":0},"end":{"line":48,"column":55}},"48":{"start":{"line":49,"column":0},"end":{"line":49,"column":43}},"51":{"start":{"line":52,"column":0},"end":{"line":52,"column":49}},"52":{"start":{"line":53,"column":0},"end":{"line":53,"column":1}},"67":{"start":{"line":68,"column":0},"end":{"line":68,"column":28}},"68":{"start":{"line":69,"column":0},"end":{"line":69,"column":16}},"69":{"start":{"line":70,"column":0},"end":{"line":70,"column":64}},"70":{"start":{"line":71,"column":0},"end":{"line":71,"column":11}},"71":{"start":{"line":72,"column":0},"end":{"line":72,"column":30}},"72":{"start":{"line":73,"column":0},"end":{"line":73,"column":17}},"73":{"start":{"line":74,"column":0},"end":{"line":74,"column":3}},"75":{"start":{"line":76,"column":0},"end":{"line":76,"column":43}},"76":{"start":{"line":77,"column":0},"end":{"line":77,"column":56}},"78":{"start":{"line":79,"column":0},"end":{"line":79,"column":27}},"79":{"start":{"line":80,"column":0},"end":{"line":80,"column":27}},"80":{"start":{"line":81,"column":0},"end":{"line":81,"column":3}},"82":{"start":{"line":83,"column":0},"end":{"line":83,"column":35}},"83":{"start":{"line":84,"column":0},"end":{"line":84,"column":22}},"84":{"start":{"line":85,"column":0},"end":{"line":85,"column":3}},"86":{"start":{"line":87,"column":0},"end":{"line":87,"column":28}},"87":{"start":{"line":88,"column":0},"end":{"line":88,"column":31}},"88":{"start":{"line":89,"column":0},"end":{"line":89,"column":53}},"89":{"start":{"line":90,"column":0},"end":{"line":90,"column":36}},"91":{"start":{"line":92,"column":0},"end":{"line":92,"column":27}},"92":{"start":{"line":93,"column":0},"end":{"line":93,"column":23}},"93":{"start":{"line":94,"column":0},"end":{"line":94,"column":34}},"94":{"start":{"line":95,"column":0},"end":{"line":95,"column":50}},"95":{"start":{"line":96,"column":0},"end":{"line":96,"column":12}},"96":{"start":{"line":97,"column":0},"end":{"line":97,"column":68}},"97":{"start":{"line":98,"column":0},"end":{"line":98,"column":5}},"99":{"start":{"line":100,"column":0},"end":{"line":100,"column":36}},"100":{"start":{"line":101,"column":0},"end":{"line":101,"column":3}},"102":{"start":{"line":103,"column":0},"end":{"line":103,"column":20}},"103":{"start":{"line":104,"column":0},"end":{"line":104,"column":1}},"121":{"start":{"line":122,"column":0},"end":{"line":122,"column":26}},"122":{"start":{"line":123,"column":0},"end":{"line":123,"column":16}},"123":{"start":{"line":124,"column":0},"end":{"line":124,"column":81}},"124":{"start":{"line":125,"column":0},"end":{"line":125,"column":11}},"125":{"start":{"line":126,"column":0},"end":{"line":126,"column":71}},"127":{"start":{"line":128,"column":0},"end":{"line":128,"column":50}},"128":{"start":{"line":129,"column":0},"end":{"line":129,"column":17}},"129":{"start":{"line":130,"column":0},"end":{"line":130,"column":3}},"131":{"start":{"line":132,"column":0},"end":{"line":132,"column":45}},"132":{"start":{"line":133,"column":0},"end":{"line":133,"column":53}},"133":{"start":{"line":134,"column":0},"end":{"line":134,"column":64}},"134":{"start":{"line":135,"column":0},"end":{"line":135,"column":45}},"136":{"start":{"line":137,"column":0},"end":{"line":137,"column":33}},"137":{"start":{"line":138,"column":0},"end":{"line":138,"column":1}}},"s":{"14":1,"16":23,"18":23,"19":5,"20":5,"21":23,"22":2,"23":2,"24":23,"25":12,"26":12,"27":23,"28":1,"29":1,"30":3,"31":3,"47":1,"48":13,"51":13,"52":13,"67":1,"68":5,"69":5,"70":5,"71":5,"72":1,"73":1,"75":4,"76":4,"78":5,"79":1,"80":1,"82":5,"83":1,"84":1,"86":2,"87":2,"88":2,"89":2,"91":2,"92":0,"93":2,"94":2,"95":2,"96":0,"97":0,"99":2,"100":2,"102":0,"103":0,"121":1,"122":3,"123":3,"124":3,"125":3,"127":3,"128":1,"129":1,"131":2,"132":2,"133":2,"134":2,"136":2,"137":2},"branchMap":{"0":{"type":"branch","line":15,"loc":{"start":{"line":15,"column":7},"end":{"line":32,"column":1}},"locations":[{"start":{"line":15,"column":7},"end":{"line":32,"column":1}}]},"1":{"type":"branch","line":19,"loc":{"start":{"line":19,"column":31},"end":{"line":21,"column":3}},"locations":[{"start":{"line":19,"column":31},"end":{"line":21,"column":3}}]},"2":{"type":"branch","line":21,"loc":{"start":{"line":21,"column":2},"end":{"line":22,"column":30}},"locations":[{"start":{"line":21,"column":2},"end":{"line":22,"column":30}}]},"3":{"type":"branch","line":22,"loc":{"start":{"line":22,"column":30},"end":{"line":24,"column":3}},"locations":[{"start":{"line":22,"column":30},"end":{"line":24,"column":3}}]},"4":{"type":"branch","line":24,"loc":{"start":{"line":24,"column":2},"end":{"line":25,"column":30}},"locations":[{"start":{"line":24,"column":2},"end":{"line":25,"column":30}}]},"5":{"type":"branch","line":25,"loc":{"start":{"line":25,"column":30},"end":{"line":27,"column":3}},"locations":[{"start":{"line":25,"column":30},"end":{"line":27,"column":3}}]},"6":{"type":"branch","line":27,"loc":{"start":{"line":27,"column":2},"end":{"line":28,"column":29}},"locations":[{"start":{"line":27,"column":2},"end":{"line":28,"column":29}}]},"7":{"type":"branch","line":28,"loc":{"start":{"line":28,"column":29},"end":{"line":30,"column":3}},"locations":[{"start":{"line":28,"column":29},"end":{"line":30,"column":3}}]},"8":{"type":"branch","line":30,"loc":{"start":{"line":30,"column":2},"end":{"line":32,"column":1}},"locations":[{"start":{"line":30,"column":2},"end":{"line":32,"column":1}}]},"9":{"type":"branch","line":48,"loc":{"start":{"line":48,"column":7},"end":{"line":53,"column":1}},"locations":[{"start":{"line":48,"column":7},"end":{"line":53,"column":1}}]},"10":{"type":"branch","line":68,"loc":{"start":{"line":68,"column":7},"end":{"line":104,"column":1}},"locations":[{"start":{"line":68,"column":7},"end":{"line":104,"column":1}}]},"11":{"type":"branch","line":72,"loc":{"start":{"line":72,"column":29},"end":{"line":74,"column":3}},"locations":[{"start":{"line":72,"column":29},"end":{"line":74,"column":3}}]},"12":{"type":"branch","line":74,"loc":{"start":{"line":74,"column":2},"end":{"line":79,"column":26}},"locations":[{"start":{"line":74,"column":2},"end":{"line":79,"column":26}}]},"13":{"type":"branch","line":79,"loc":{"start":{"line":79,"column":26},"end":{"line":81,"column":3}},"locations":[{"start":{"line":79,"column":26},"end":{"line":81,"column":3}}]},"14":{"type":"branch","line":81,"loc":{"start":{"line":81,"column":2},"end":{"line":83,"column":34}},"locations":[{"start":{"line":81,"column":2},"end":{"line":83,"column":34}}]},"15":{"type":"branch","line":83,"loc":{"start":{"line":83,"column":34},"end":{"line":85,"column":3}},"locations":[{"start":{"line":83,"column":34},"end":{"line":85,"column":3}}]},"16":{"type":"branch","line":85,"loc":{"start":{"line":85,"column":2},"end":{"line":101,"column":3}},"locations":[{"start":{"line":85,"column":2},"end":{"line":101,"column":3}}]},"17":{"type":"branch","line":92,"loc":{"start":{"line":92,"column":26},"end":{"line":94,"column":15}},"locations":[{"start":{"line":92,"column":26},"end":{"line":94,"column":15}}]},"18":{"type":"branch","line":96,"loc":{"start":{"line":96,"column":4},"end":{"line":98,"column":5}},"locations":[{"start":{"line":96,"column":4},"end":{"line":98,"column":5}}]},"19":{"type":"branch","line":101,"loc":{"start":{"line":101,"column":2},"end":{"line":104,"column":1}},"locations":[{"start":{"line":101,"column":2},"end":{"line":104,"column":1}}]},"20":{"type":"branch","line":122,"loc":{"start":{"line":122,"column":7},"end":{"line":138,"column":1}},"locations":[{"start":{"line":122,"column":7},"end":{"line":138,"column":1}}]},"21":{"type":"branch","line":128,"loc":{"start":{"line":128,"column":49},"end":{"line":130,"column":3}},"locations":[{"start":{"line":128,"column":49},"end":{"line":130,"column":3}}]},"22":{"type":"branch","line":130,"loc":{"start":{"line":130,"column":2},"end":{"line":138,"column":1}},"locations":[{"start":{"line":130,"column":2},"end":{"line":138,"column":1}}]}},"b":{"0":[23],"1":[5],"2":[18],"3":[2],"4":[16],"5":[12],"6":[4],"7":[1],"8":[3],"9":[13],"10":[5],"11":[1],"12":[4],"13":[1],"14":[3],"15":[1],"16":[2],"17":[0],"18":[0],"19":[0],"20":[3],"21":[1],"22":[2]},"fnMap":{"0":{"name":"normalizePhone","decl":{"start":{"line":15,"column":7},"end":{"line":32,"column":1}},"loc":{"start":{"line":15,"column":7},"end":{"line":32,"column":1}},"line":15},"1":{"name":"validatePhone","decl":{"start":{"line":48,"column":7},"end":{"line":53,"column":1}},"loc":{"start":{"line":48,"column":7},"end":{"line":53,"column":1}},"line":48},"2":{"name":"formatPhone","decl":{"start":{"line":68,"column":7},"end":{"line":104,"column":1}},"loc":{"start":{"line":68,"column":7},"end":{"line":104,"column":1}},"line":68},"3":{"name":"maskPhone","decl":{"start":{"line":122,"column":7},"end":{"line":138,"column":1}},"loc":{"start":{"line":122,"column":7},"end":{"line":138,"column":1}},"line":122}},"f":{"0":23,"1":13,"2":5,"3":3}}
,"D:\\PROJEK 2026\\indonesia-utils\\src\\random\\index.ts": {"path":"D:\\PROJEK 2026\\indonesia-utils\\src\\random\\index.ts","all":false,"statementMap":{"18":{"start":{"line":19,"column":0},"end":{"line":19,"column":29}},"19":{"start":{"line":20,"column":0},"end":{"line":20,"column":17}},"20":{"start":{"line":21,"column":0},"end":{"line":21,"column":12}},"25":{"start":{"line":26,"column":0},"end":{"line":26,"column":8}},"26":{"start":{"line":27,"column":0},"end":{"line":27,"column":11}},"27":{"start":{"line":28,"column":0},"end":{"line":28,"column":17}},"28":{"start":{"line":29,"column":0},"end":{"line":29,"column":32}},"29":{"start":{"line":30,"column":0},"end":{"line":30,"column":50}},"30":{"start":{"line":31,"column":0},"end":{"line":31,"column":50}},"32":{"start":{"line":33,"column":0},"end":{"line":33,"column":64}},"34":{"start":{"line":35,"column":0},"end":{"line":35,"column":20}},"35":{"start":{"line":36,"column":0},"end":{"line":36,"column":28}},"36":{"start":{"line":37,"column":0},"end":{"line":37,"column":31}},"37":{"start":{"line":38,"column":0},"end":{"line":38,"column":30}},"38":{"start":{"line":39,"column":0},"end":{"line":39,"column":28}},"40":{"start":{"line":41,"column":0},"end":{"line":41,"column":20}},"41":{"start":{"line":42,"column":0},"end":{"line":42,"column":47}},"42":{"start":{"line":43,"column":0},"end":{"line":43,"column":10}},"43":{"start":{"line":44,"column":0},"end":{"line":44,"column":35}},"44":{"start":{"line":45,"column":0},"end":{"line":45,"column":21}},"45":{"start":{"line":46,"column":0},"end":{"line":46,"column":51}},"46":{"start":{"line":47,"column":0},"end":{"line":47,"column":51}},"47":{"start":{"line":48,"column":0},"end":{"line":48,"column":12}},"48":{"start":{"line":49,"column":0},"end":{"line":49,"column":41}},"49":{"start":{"line":50,"column":0},"end":{"line":50,"column":41}},"50":{"start":{"line":51,"column":0},"end":{"line":51,"column":5}},"51":{"start":{"line":52,"column":0},"end":{"line":52,"column":3}},"53":{"start":{"line":54,"column":0},"end":{"line":54,"column":27}},"54":{"start":{"line":55,"column":0},"end":{"line":55,"column":47}},"55":{"start":{"line":56,"column":0},"end":{"line":56,"column":3}},"57":{"start":{"line":58,"column":0},"end":{"line":58,"column":18}},"59":{"start":{"line":60,"column":0},"end":{"line":60,"column":86}},"60":{"start":{"line":61,"column":0},"end":{"line":61,"column":49}},"61":{"start":{"line":62,"column":0},"end":{"line":62,"column":41}},"62":{"start":{"line":63,"column":0},"end":{"line":63,"column":38}},"63":{"start":{"line":64,"column":0},"end":{"line":64,"column":61}},"64":{"start":{"line":65,"column":0},"end":{"line":65,"column":5}},"65":{"start":{"line":66,"column":0},"end":{"line":66,"column":10}},"66":{"start":{"line":67,"column":0},"end":{"line":67,"column":38}},"67":{"start":{"line":68,"column":0},"end":{"line":68,"column":71}},"68":{"start":{"line":69,"column":0},"end":{"line":69,"column":5}},"69":{"start":{"line":70,"column":0},"end":{"line":70,"column":3}},"71":{"start":{"line":72,"column":0},"end":{"line":72,"column":16}},"72":{"start":{"line":73,"column":0},"end":{"line":73,"column":1}},"86":{"start":{"line":87,"column":0},"end":{"line":87,"column":64}},"87":{"start":{"line":88,"column":0},"end":{"line":88,"column":18}},"88":{"start":{"line":89,"column":0},"end":{"line":89,"column":54}},"89":{"start":{"line":90,"column":0},"end":{"line":90,"column":3}},"90":{"start":{"line":91,"column":0},"end":{"line":91,"column":59}},"91":{"start":{"line":92,"column":0},"end":{"line":92,"column":1}},"103":{"start":{"line":104,"column":0},"end":{"line":104,"column":40}},"104":{"start":{"line":105,"column":0},"end":{"line":105,"column":81}},"105":{"start":{"line":106,"column":0},"end":{"line":106,"column":31}},"106":{"start":{"line":107,"column":0},"end":{"line":107,"column":3}},"107":{"start":{"line":108,"column":0},"end":{"line":108,"column":73}},"108":{"start":{"line":109,"column":0},"end":{"line":109,"column":39}},"109":{"start":{"line":110,"column":0},"end":{"line":110,"column":46}},"110":{"start":{"line":111,"column":0},"end":{"line":111,"column":26}},"111":{"start":{"line":112,"column":0},"end":{"line":112,"column":5}},"112":{"start":{"line":113,"column":0},"end":{"line":113,"column":1}},"128":{"start":{"line":129,"column":0},"end":{"line":129,"column":98}},"129":{"start":{"line":130,"column":0},"end":{"line":130,"column":41}},"130":{"start":{"line":131,"column":0},"end":{"line":131,"column":75}},"131":{"start":{"line":132,"column":0},"end":{"line":132,"column":1}}},"s":{"18":1,"19":8,"20":8,"25":8,"26":8,"27":8,"28":8,"29":8,"30":8,"32":8,"34":8,"35":8,"36":5,"37":2,"38":2,"40":8,"41":2,"42":8,"43":6,"44":6,"45":4,"46":4,"47":6,"48":2,"49":2,"50":2,"51":6,"53":8,"54":0,"55":0,"57":8,"59":8,"60":8,"61":8,"62":8,"63":104,"64":104,"65":8,"66":0,"67":0,"68":0,"69":0,"71":8,"72":8,"86":1,"87":51,"88":1,"89":1,"90":50,"91":50,"103":1,"104":1,"105":1,"106":1,"107":0,"108":0,"109":0,"110":0,"111":0,"112":0,"128":1,"129":2,"130":2,"131":2},"branchMap":{"0":{"type":"branch","line":19,"loc":{"start":{"line":19,"column":7},"end":{"line":73,"column":1}},"locations":[{"start":{"line":19,"column":7},"end":{"line":73,"column":1}}]},"1":{"type":"branch","line":36,"loc":{"start":{"line":36,"column":16},"end":{"line":37,"column":31}},"locations":[{"start":{"line":36,"column":16},"end":{"line":37,"column":31}}]},"2":{"type":"branch","line":37,"loc":{"start":{"line":37,"column":19},"end":{"line":38,"column":30}},"locations":[{"start":{"line":37,"column":19},"end":{"line":38,"column":30}}]},"3":{"type":"branch","line":38,"loc":{"start":{"line":38,"column":18},"end":{"line":39,"column":28}},"locations":[{"start":{"line":38,"column":18},"end":{"line":39,"column":28}}]},"4":{"type":"branch","line":41,"loc":{"start":{"line":41,"column":19},"end":{"line":43,"column":9}},"locations":[{"start":{"line":41,"column":19},"end":{"line":43,"column":9}}]},"5":{"type":"branch","line":43,"loc":{"start":{"line":43,"column":2},"end":{"line":52,"column":3}},"locations":[{"start":{"line":43,"column":2},"end":{"line":52,"column":3}}]},"6":{"type":"branch","line":44,"loc":{"start":{"line":44,"column":17},"end":{"line":44,"column":35}},"locations":[{"start":{"line":44,"column":17},"end":{"line":44,"column":35}}]},"7":{"type":"branch","line":45,"loc":{"start":{"line":45,"column":20},"end":{"line":48,"column":11}},"locations":[{"start":{"line":45,"column":20},"end":{"line":48,"column":11}}]},"8":{"type":"branch","line":46,"loc":{"start":{"line":46,"column":31},"end":{"line":46,"column":51}},"locations":[{"start":{"line":46,"column":31},"end":{"line":46,"column":51}}]},"9":{"type":"branch","line":47,"loc":{"start":{"line":47,"column":31},"end":{"line":47,"column":51}},"locations":[{"start":{"line":47,"column":31},"end":{"line":47,"column":51}}]},"10":{"type":"branch","line":48,"loc":{"start":{"line":48,"column":4},"end":{"line":51,"column":5}},"locations":[{"start":{"line":48,"column":4},"end":{"line":51,"column":5}}]},"11":{"type":"branch","line":49,"loc":{"start":{"line":49,"column":21},"end":{"line":49,"column":41}},"locations":[{"start":{"line":49,"column":21},"end":{"line":49,"column":41}}]},"12":{"type":"branch","line":50,"loc":{"start":{"line":50,"column":21},"end":{"line":50,"column":41}},"locations":[{"start":{"line":50,"column":21},"end":{"line":50,"column":41}}]},"13":{"type":"branch","line":54,"loc":{"start":{"line":54,"column":26},"end":{"line":56,"column":3}},"locations":[{"start":{"line":54,"column":26},"end":{"line":56,"column":3}}]},"14":{"type":"branch","line":63,"loc":{"start":{"line":63,"column":37},"end":{"line":65,"column":5}},"locations":[{"start":{"line":63,"column":37},"end":{"line":65,"column":5}}]},"15":{"type":"branch","line":66,"loc":{"start":{"line":66,"column":2},"end":{"line":70,"column":3}},"locations":[{"start":{"line":66,"column":2},"end":{"line":70,"column":3}}]},"16":{"type":"branch","line":87,"loc":{"start":{"line":87,"column":7},"end":{"line":92,"column":1}},"locations":[{"start":{"line":87,"column":7},"end":{"line":92,"column":1}}]},"17":{"type":"branch","line":88,"loc":{"start":{"line":88,"column":17},"end":{"line":90,"column":3}},"locations":[{"start":{"line":88,"column":17},"end":{"line":90,"column":3}}]},"18":{"type":"branch","line":90,"loc":{"start":{"line":90,"column":2},"end":{"line":92,"column":1}},"locations":[{"start":{"line":90,"column":2},"end":{"line":92,"column":1}}]},"19":{"type":"branch","line":104,"loc":{"start":{"line":104,"column":7},"end":{"line":113,"column":1}},"locations":[{"start":{"line":104,"column":7},"end":{"line":113,"column":1}}]},"20":{"type":"branch","line":107,"loc":{"start":{"line":107,"column":2},"end":{"line":113,"column":1}},"locations":[{"start":{"line":107,"column":2},"end":{"line":113,"column":1}}]},"21":{"type":"branch","line":129,"loc":{"start":{"line":129,"column":7},"end":{"line":132,"column":1}},"locations":[{"start":{"line":129,"column":7},"end":{"line":132,"column":1}}]}},"b":{"0":[8],"1":[5],"2":[2],"3":[2],"4":[2],"5":[6],"6":[3],"7":[4],"8":[3],"9":[3],"10":[2],"11":[0],"12":[0],"13":[0],"14":[104],"15":[0],"16":[51],"17":[1],"18":[50],"19":[1],"20":[0],"21":[2]},"fnMap":{"0":{"name":"randomString","decl":{"start":{"line":19,"column":7},"end":{"line":73,"column":1}},"loc":{"start":{"line":19,"column":7},"end":{"line":73,"column":1}},"line":19},"1":{"name":"randomNumber","decl":{"start":{"line":87,"column":7},"end":{"line":92,"column":1}},"loc":{"start":{"line":87,"column":7},"end":{"line":92,"column":1}},"line":87},"2":{"name":"generateUUID","decl":{"start":{"line":104,"column":7},"end":{"line":113,"column":1}},"loc":{"start":{"line":104,"column":7},"end":{"line":113,"column":1}},"line":104},"3":{"name":"generateOTP","decl":{"start":{"line":129,"column":7},"end":{"line":132,"column":1}},"loc":{"start":{"line":129,"column":7},"end":{"line":132,"column":1}},"line":129}},"f":{"0":8,"1":51,"2":1,"3":2}}
,"D:\\PROJEK 2026\\indonesia-utils\\src\\string\\index.ts": {"path":"D:\\PROJEK 2026\\indonesia-utils\\src\\string\\index.ts","all":false,"statementMap":{"11":{"start":{"line":12,"column":0},"end":{"line":12,"column":52}},"12":{"start":{"line":13,"column":0},"end":{"line":13,"column":41}},"13":{"start":{"line":14,"column":0},"end":{"line":14,"column":62}},"14":{"start":{"line":15,"column":0},"end":{"line":15,"column":1}},"19":{"start":{"line":20,"column":0},"end":{"line":20,"column":42}},"20":{"start":{"line":21,"column":0},"end":{"line":21,"column":41}},"21":{"start":{"line":22,"column":0},"end":{"line":22,"column":12}},"22":{"start":{"line":23,"column":0},"end":{"line":23,"column":59}},"23":{"start":{"line":24,"column":0},"end":{"line":24,"column":74}},"24":{"start":{"line":25,"column":0},"end":{"line":25,"column":11}},"25":{"start":{"line":26,"column":0},"end":{"line":26,"column":17}},"26":{"start":{"line":27,"column":0},"end":{"line":27,"column":21}},"27":{"start":{"line":28,"column":0},"end":{"line":28,"column":1}},"40":{"start":{"line":41,"column":0},"end":{"line":41,"column":46}},"41":{"start":{"line":42,"column":0},"end":{"line":42,"column":41}},"42":{"start":{"line":43,"column":0},"end":{"line":43,"column":27}},"43":{"start":{"line":44,"column":0},"end":{"line":44,"column":18}},"44":{"start":{"line":45,"column":0},"end":{"line":45,"column":33}},"45":{"start":{"line":46,"column":0},"end":{"line":46,"column":11}},"46":{"start":{"line":47,"column":0},"end":{"line":47,"column":25}},"47":{"start":{"line":48,"column":0},"end":{"line":48,"column":24}},"48":{"start":{"line":49,"column":0},"end":{"line":49,"column":29}},"49":{"start":{"line":50,"column":0},"end":{"line":50,"column":1}},"62":{"start":{"line":63,"column":0},"end":{"line":63,"column":49}},"63":{"start":{"line":64,"column":0},"end":{"line":64,"column":61}},"64":{"start":{"line":65,"column":0},"end":{"line":65,"column":52}},"65":{"start":{"line":66,"column":0},"end":{"line":66,"column":1}},"78":{"start":{"line":79,"column":0},"end":{"line":79,"column":48}},"79":{"start":{"line":80,"column":0},"end":{"line":80,"column":41}},"80":{"start":{"line":81,"column":0},"end":{"line":81,"column":12}},"81":{"start":{"line":82,"column":0},"end":{"line":82,"column":18}},"82":{"start":{"line":83,"column":0},"end":{"line":83,"column":17}},"83":{"start":{"line":84,"column":0},"end":{"line":84,"column":64}},"84":{"start":{"line":85,"column":0},"end":{"line":85,"column":15}},"85":{"start":{"line":86,"column":0},"end":{"line":86,"column":1}},"99":{"start":{"line":100,"column":0},"end":{"line":100,"column":48}},"100":{"start":{"line":101,"column":0},"end":{"line":101,"column":30}},"101":{"start":{"line":102,"column":0},"end":{"line":102,"column":36}},"102":{"start":{"line":103,"column":0},"end":{"line":103,"column":10}},"103":{"start":{"line":104,"column":0},"end":{"line":104,"column":28}},"104":{"start":{"line":105,"column":0},"end":{"line":105,"column":9}},"105":{"start":{"line":106,"column":0},"end":{"line":106,"column":15}},"106":{"start":{"line":107,"column":0},"end":{"line":107,"column":80}},"107":{"start":{"line":108,"column":0},"end":{"line":108,"column":15}},"109":{"start":{"line":110,"column":0},"end":{"line":110,"column":1}},"122":{"start":{"line":123,"column":0},"end":{"line":123,"column":48}},"123":{"start":{"line":124,"column":0},"end":{"line":124,"column":22}},"124":{"start":{"line":125,"column":0},"end":{"line":125,"column":38}},"125":{"start":{"line":126,"column":0},"end":{"line":126,"column":15}},"126":{"start":{"line":127,"column":0},"end":{"line":127,"column":1}},"139":{"start":{"line":140,"column":0},"end":{"line":140,"column":48}},"140":{"start":{"line":141,"column":0},"end":{"line":141,"column":22}},"141":{"start":{"line":142,"column":0},"end":{"line":142,"column":38}},"142":{"start":{"line":143,"column":0},"end":{"line":143,"column":15}},"143":{"start":{"line":144,"column":0},"end":{"line":144,"column":1}},"158":{"start":{"line":159,"column":0},"end":{"line":159,"column":89}},"159":{"start":{"line":160,"column":0},"end":{"line":160,"column":41}},"160":{"start":{"line":161,"column":0},"end":{"line":161,"column":39}},"161":{"start":{"line":162,"column":0},"end":{"line":162,"column":59}},"162":{"start":{"line":163,"column":0},"end":{"line":163,"column":1}}},"s":{"11":1,"12":6,"13":6,"14":6,"19":10,"20":10,"21":10,"22":10,"23":10,"24":10,"25":10,"26":10,"27":10,"40":1,"41":3,"42":3,"43":3,"44":3,"45":3,"46":3,"47":3,"48":3,"49":3,"62":1,"63":3,"64":2,"65":2,"78":1,"79":2,"80":2,"81":2,"82":2,"83":2,"84":2,"85":2,"99":1,"100":4,"101":4,"102":4,"103":4,"104":4,"105":4,"106":4,"107":4,"109":4,"122":1,"123":3,"124":3,"125":3,"126":3,"139":1,"140":3,"141":3,"142":3,"143":3,"158":1,"159":3,"160":3,"161":2,"162":2},"branchMap":{"0":{"type":"branch","line":12,"loc":{"start":{"line":12,"column":7},"end":{"line":15,"column":1}},"locations":[{"start":{"line":12,"column":7},"end":{"line":15,"column":1}}]},"1":{"type":"branch","line":13,"loc":{"start":{"line":13,"column":31},"end":{"line":13,"column":41}},"locations":[{"start":{"line":13,"column":31},"end":{"line":13,"column":41}}]},"2":{"type":"branch","line":20,"loc":{"start":{"line":20,"column":0},"end":{"line":28,"column":1}},"locations":[{"start":{"line":20,"column":0},"end":{"line":28,"column":1}}]},"3":{"type":"branch","line":21,"loc":{"start":{"line":21,"column":31},"end":{"line":21,"column":41}},"locations":[{"start":{"line":21,"column":31},"end":{"line":21,"column":41}}]},"4":{"type":"branch","line":41,"loc":{"start":{"line":41,"column":7},"end":{"line":50,"column":1}},"locations":[{"start":{"line":41,"column":7},"end":{"line":50,"column":1}}]},"5":{"type":"branch","line":42,"loc":{"start":{"line":42,"column":31},"end":{"line":42,"column":41}},"locations":[{"start":{"line":42,"column":31},"end":{"line":42,"column":41}}]},"6":{"type":"branch","line":63,"loc":{"start":{"line":63,"column":7},"end":{"line":66,"column":1}},"locations":[{"start":{"line":63,"column":7},"end":{"line":66,"column":1}}]},"7":{"type":"branch","line":64,"loc":{"start":{"line":64,"column":51},"end":{"line":64,"column":61}},"locations":[{"start":{"line":64,"column":51},"end":{"line":64,"column":61}}]},"8":{"type":"branch","line":64,"loc":{"start":{"line":64,"column":58},"end":{"line":66,"column":1}},"locations":[{"start":{"line":64,"column":58},"end":{"line":66,"column":1}}]},"9":{"type":"branch","line":79,"loc":{"start":{"line":79,"column":7},"end":{"line":86,"column":1}},"locations":[{"start":{"line":79,"column":7},"end":{"line":86,"column":1}}]},"10":{"type":"branch","line":80,"loc":{"start":{"line":80,"column":31},"end":{"line":80,"column":41}},"locations":[{"start":{"line":80,"column":31},"end":{"line":80,"column":41}}]},"11":{"type":"branch","line":84,"loc":{"start":{"line":84,"column":9},"end":{"line":84,"column":63}},"locations":[{"start":{"line":84,"column":9},"end":{"line":84,"column":63}}]},"12":{"type":"branch","line":100,"loc":{"start":{"line":100,"column":7},"end":{"line":110,"column":1}},"locations":[{"start":{"line":100,"column":7},"end":{"line":110,"column":1}}]},"13":{"type":"branch","line":102,"loc":{"start":{"line":102,"column":26},"end":{"line":102,"column":36}},"locations":[{"start":{"line":102,"column":26},"end":{"line":102,"column":36}}]},"14":{"type":"branch","line":107,"loc":{"start":{"line":107,"column":11},"end":{"line":107,"column":79}},"locations":[{"start":{"line":107,"column":11},"end":{"line":107,"column":79}}]},"15":{"type":"branch","line":123,"loc":{"start":{"line":123,"column":7},"end":{"line":127,"column":1}},"locations":[{"start":{"line":123,"column":7},"end":{"line":127,"column":1}}]},"16":{"type":"branch","line":125,"loc":{"start":{"line":125,"column":9},"end":{"line":125,"column":37}},"locations":[{"start":{"line":125,"column":9},"end":{"line":125,"column":37}}]},"17":{"type":"branch","line":140,"loc":{"start":{"line":140,"column":7},"end":{"line":144,"column":1}},"locations":[{"start":{"line":140,"column":7},"end":{"line":144,"column":1}}]},"18":{"type":"branch","line":142,"loc":{"start":{"line":142,"column":9},"end":{"line":142,"column":37}},"locations":[{"start":{"line":142,"column":9},"end":{"line":142,"column":37}}]},"19":{"type":"branch","line":159,"loc":{"start":{"line":159,"column":7},"end":{"line":163,"column":1}},"locations":[{"start":{"line":159,"column":7},"end":{"line":163,"column":1}}]},"20":{"type":"branch","line":160,"loc":{"start":{"line":160,"column":31},"end":{"line":160,"column":41}},"locations":[{"start":{"line":160,"column":31},"end":{"line":160,"column":41}}]},"21":{"type":"branch","line":161,"loc":{"start":{"line":161,"column":28},"end":{"line":161,"column":39}},"locations":[{"start":{"line":161,"column":28},"end":{"line":161,"column":39}}]},"22":{"type":"branch","line":161,"loc":{"start":{"line":161,"column":35},"end":{"line":163,"column":1}},"locations":[{"start":{"line":161,"column":35},"end":{"line":163,"column":1}}]}},"b":{"0":[6],"1":[0],"2":[10],"3":[0],"4":[3],"5":[0],"6":[3],"7":[1],"8":[2],"9":[2],"10":[0],"11":[4],"12":[4],"13":[0],"14":[7],"15":[3],"16":[8],"17":[3],"18":[8],"19":[3],"20":[0],"21":[1],"22":[2]},"fnMap":{"0":{"name":"removeAccents","decl":{"start":{"line":12,"column":7},"end":{"line":15,"column":1}},"loc":{"start":{"line":12,"column":7},"end":{"line":15,"column":1}},"line":12},"1":{"name":"getWords","decl":{"start":{"line":20,"column":0},"end":{"line":28,"column":1}},"loc":{"start":{"line":20,"column":0},"end":{"line":28,"column":1}},"line":20},"2":{"name":"slugify","decl":{"start":{"line":41,"column":7},"end":{"line":50,"column":1}},"loc":{"start":{"line":41,"column":7},"end":{"line":50,"column":1}},"line":41},"3":{"name":"capitalize","decl":{"start":{"line":63,"column":7},"end":{"line":66,"column":1}},"loc":{"start":{"line":63,"column":7},"end":{"line":66,"column":1}},"line":63},"4":{"name":"titleCase","decl":{"start":{"line":79,"column":7},"end":{"line":86,"column":1}},"loc":{"start":{"line":79,"column":7},"end":{"line":86,"column":1}},"line":79},"5":{"name":"camelCase","decl":{"start":{"line":100,"column":7},"end":{"line":110,"column":1}},"loc":{"start":{"line":100,"column":7},"end":{"line":110,"column":1}},"line":100},"6":{"name":"snakeCase","decl":{"start":{"line":123,"column":7},"end":{"line":127,"column":1}},"loc":{"start":{"line":123,"column":7},"end":{"line":127,"column":1}},"line":123},"7":{"name":"kebabCase","decl":{"start":{"line":140,"column":7},"end":{"line":144,"column":1}},"loc":{"start":{"line":140,"column":7},"end":{"line":144,"column":1}},"line":140},"8":{"name":"truncate","decl":{"start":{"line":159,"column":7},"end":{"line":163,"column":1}},"loc":{"start":{"line":159,"column":7},"end":{"line":163,"column":1}},"line":159}},"f":{"0":6,"1":10,"2":3,"3":3,"4":2,"5":4,"6":3,"7":3,"8":3}}
,"D:\\PROJEK 2026\\indonesia-utils\\src\\validation\\index.ts": {"path":"D:\\PROJEK 2026\\indonesia-utils\\src\\validation\\index.ts","all":false,"statementMap":{"14":{"start":{"line":15,"column":0},"end":{"line":15,"column":46}},"15":{"start":{"line":16,"column":0},"end":{"line":16,"column":46}},"16":{"start":{"line":17,"column":0},"end":{"line":17,"column":16}},"17":{"start":{"line":18,"column":0},"end":{"line":18,"column":3}},"19":{"start":{"line":20,"column":0},"end":{"line":20,"column":34}},"20":{"start":{"line":21,"column":0},"end":{"line":21,"column":37}},"21":{"start":{"line":22,"column":0},"end":{"line":22,"column":3}},"23":{"start":{"line":24,"column":0},"end":{"line":24,"column":29}},"24":{"start":{"line":25,"column":0},"end":{"line":25,"column":30}},"25":{"start":{"line":26,"column":0},"end":{"line":26,"column":3}},"27":{"start":{"line":28,"column":0},"end":{"line":28,"column":34}},"28":{"start":{"line":29,"column":0},"end":{"line":29,"column":43}},"29":{"start":{"line":30,"column":0},"end":{"line":30,"column":3}},"31":{"start":{"line":32,"column":0},"end":{"line":32,"column":15}},"32":{"start":{"line":33,"column":0},"end":{"line":33,"column":1}},"47":{"start":{"line":48,"column":0},"end":{"line":48,"column":48}},"48":{"start":{"line":49,"column":0},"end":{"line":49,"column":34}},"49":{"start":{"line":50,"column":0},"end":{"line":50,"column":44}},"50":{"start":{"line":51,"column":0},"end":{"line":51,"column":3}},"51":{"start":{"line":52,"column":0},"end":{"line":52,"column":34}},"52":{"start":{"line":53,"column":0},"end":{"line":53,"column":42}},"53":{"start":{"line":54,"column":0},"end":{"line":54,"column":30}},"54":{"start":{"line":55,"column":0},"end":{"line":55,"column":40}},"55":{"start":{"line":56,"column":0},"end":{"line":56,"column":3}},"56":{"start":{"line":57,"column":0},"end":{"line":57,"column":15}},"57":{"start":{"line":58,"column":0},"end":{"line":58,"column":1}},"71":{"start":{"line":72,"column":0},"end":{"line":72,"column":52}},"72":{"start":{"line":73,"column":0},"end":{"line":73,"column":46}},"73":{"start":{"line":74,"column":0},"end":{"line":74,"column":35}},"74":{"start":{"line":75,"column":0},"end":{"line":75,"column":1}},"88":{"start":{"line":89,"column":0},"end":{"line":89,"column":47}},"89":{"start":{"line":90,"column":0},"end":{"line":90,"column":46}},"90":{"start":{"line":91,"column":0},"end":{"line":91,"column":7}},"91":{"start":{"line":92,"column":0},"end":{"line":92,"column":19}},"92":{"start":{"line":93,"column":0},"end":{"line":93,"column":16}},"93":{"start":{"line":94,"column":0},"end":{"line":94,"column":11}},"94":{"start":{"line":95,"column":0},"end":{"line":95,"column":17}},"95":{"start":{"line":96,"column":0},"end":{"line":96,"column":3}},"96":{"start":{"line":97,"column":0},"end":{"line":97,"column":1}},"110":{"start":{"line":111,"column":0},"end":{"line":111,"column":48}},"111":{"start":{"line":112,"column":0},"end":{"line":112,"column":46}},"112":{"start":{"line":113,"column":0},"end":{"line":113,"column":7}},"113":{"start":{"line":114,"column":0},"end":{"line":114,"column":37}},"114":{"start":{"line":115,"column":0},"end":{"line":115,"column":57}},"115":{"start":{"line":116,"column":0},"end":{"line":116,"column":11}},"116":{"start":{"line":117,"column":0},"end":{"line":117,"column":17}},"117":{"start":{"line":118,"column":0},"end":{"line":118,"column":3}},"118":{"start":{"line":119,"column":0},"end":{"line":119,"column":1}},"132":{"start":{"line":133,"column":0},"end":{"line":133,"column":48}},"133":{"start":{"line":134,"column":0},"end":{"line":134,"column":46}},"134":{"start":{"line":135,"column":0},"end":{"line":135,"column":97}},"135":{"start":{"line":136,"column":0},"end":{"line":136,"column":31}},"136":{"start":{"line":137,"column":0},"end":{"line":137,"column":1}},"150":{"start":{"line":151,"column":0},"end":{"line":151,"column":55}},"151":{"start":{"line":152,"column":0},"end":{"line":152,"column":46}},"152":{"start":{"line":153,"column":0},"end":{"line":153,"column":20}},"153":{"start":{"line":154,"column":0},"end":{"line":154,"column":436}},"154":{"start":{"line":155,"column":0},"end":{"line":155,"column":32}},"155":{"start":{"line":156,"column":0},"end":{"line":156,"column":1}}},"s":{"14":1,"15":11,"16":2,"17":2,"19":11,"20":3,"21":3,"23":11,"24":2,"25":2,"27":11,"28":2,"29":2,"31":2,"32":2,"47":1,"48":9,"49":3,"50":3,"51":9,"52":4,"53":3,"54":4,"55":4,"56":2,"57":2,"71":1,"72":5,"73":5,"74":5,"88":1,"89":4,"90":4,"91":4,"92":4,"93":4,"94":2,"95":2,"96":4,"110":1,"111":5,"112":5,"113":5,"114":5,"115":5,"116":1,"117":1,"118":5,"132":1,"133":2,"134":2,"135":2,"136":2,"150":1,"151":12,"152":12,"153":12,"154":12,"155":12},"branchMap":{"0":{"type":"branch","line":15,"loc":{"start":{"line":15,"column":7},"end":{"line":33,"column":1}},"locations":[{"start":{"line":15,"column":7},"end":{"line":33,"column":1}}]},"1":{"type":"branch","line":16,"loc":{"start":{"line":16,"column":16},"end":{"line":16,"column":45}},"locations":[{"start":{"line":16,"column":16},"end":{"line":16,"column":45}}]},"2":{"type":"branch","line":16,"loc":{"start":{"line":16,"column":45},"end":{"line":18,"column":3}},"locations":[{"start":{"line":16,"column":45},"end":{"line":18,"column":3}}]},"3":{"type":"branch","line":18,"loc":{"start":{"line":18,"column":2},"end":{"line":20,"column":33}},"locations":[{"start":{"line":18,"column":2},"end":{"line":20,"column":33}}]},"4":{"type":"branch","line":20,"loc":{"start":{"line":20,"column":33},"end":{"line":22,"column":3}},"locations":[{"start":{"line":20,"column":33},"end":{"line":22,"column":3}}]},"5":{"type":"branch","line":22,"loc":{"start":{"line":22,"column":2},"end":{"line":24,"column":28}},"locations":[{"start":{"line":22,"column":2},"end":{"line":24,"column":28}}]},"6":{"type":"branch","line":24,"loc":{"start":{"line":24,"column":28},"end":{"line":26,"column":3}},"locations":[{"start":{"line":24,"column":28},"end":{"line":26,"column":3}}]},"7":{"type":"branch","line":26,"loc":{"start":{"line":26,"column":2},"end":{"line":28,"column":33}},"locations":[{"start":{"line":26,"column":2},"end":{"line":28,"column":33}}]},"8":{"type":"branch","line":28,"loc":{"start":{"line":28,"column":33},"end":{"line":33,"column":1}},"locations":[{"start":{"line":28,"column":33},"end":{"line":33,"column":1}}]},"9":{"type":"branch","line":48,"loc":{"start":{"line":48,"column":7},"end":{"line":58,"column":1}},"locations":[{"start":{"line":48,"column":7},"end":{"line":58,"column":1}}]},"10":{"type":"branch","line":49,"loc":{"start":{"line":49,"column":33},"end":{"line":51,"column":3}},"locations":[{"start":{"line":49,"column":33},"end":{"line":51,"column":3}}]},"11":{"type":"branch","line":50,"loc":{"start":{"line":50,"column":23},"end":{"line":50,"column":44}},"locations":[{"start":{"line":50,"column":23},"end":{"line":50,"column":44}}]},"12":{"type":"branch","line":51,"loc":{"start":{"line":51,"column":2},"end":{"line":52,"column":33}},"locations":[{"start":{"line":51,"column":2},"end":{"line":52,"column":33}}]},"13":{"type":"branch","line":52,"loc":{"start":{"line":52,"column":33},"end":{"line":56,"column":3}},"locations":[{"start":{"line":52,"column":33},"end":{"line":56,"column":3}}]},"14":{"type":"branch","line":53,"loc":{"start":{"line":53,"column":29},"end":{"line":53,"column":42}},"locations":[{"start":{"line":53,"column":29},"end":{"line":53,"column":42}}]},"15":{"type":"branch","line":53,"loc":{"start":{"line":53,"column":36},"end":{"line":55,"column":26}},"locations":[{"start":{"line":53,"column":36},"end":{"line":55,"column":26}}]},"16":{"type":"branch","line":55,"loc":{"start":{"line":55,"column":21},"end":{"line":55,"column":40}},"locations":[{"start":{"line":55,"column":21},"end":{"line":55,"column":40}}]},"17":{"type":"branch","line":56,"loc":{"start":{"line":56,"column":2},"end":{"line":58,"column":1}},"locations":[{"start":{"line":56,"column":2},"end":{"line":58,"column":1}}]},"18":{"type":"branch","line":72,"loc":{"start":{"line":72,"column":7},"end":{"line":75,"column":1}},"locations":[{"start":{"line":72,"column":7},"end":{"line":75,"column":1}}]},"19":{"type":"branch","line":73,"loc":{"start":{"line":73,"column":33},"end":{"line":73,"column":46}},"locations":[{"start":{"line":73,"column":33},"end":{"line":73,"column":46}}]},"20":{"type":"branch","line":89,"loc":{"start":{"line":89,"column":7},"end":{"line":97,"column":1}},"locations":[{"start":{"line":89,"column":7},"end":{"line":97,"column":1}}]},"21":{"type":"branch","line":90,"loc":{"start":{"line":90,"column":33},"end":{"line":90,"column":46}},"locations":[{"start":{"line":90,"column":33},"end":{"line":90,"column":46}}]},"22":{"type":"branch","line":94,"loc":{"start":{"line":94,"column":2},"end":{"line":96,"column":3}},"locations":[{"start":{"line":94,"column":2},"end":{"line":96,"column":3}}]},"23":{"type":"branch","line":111,"loc":{"start":{"line":111,"column":7},"end":{"line":119,"column":1}},"locations":[{"start":{"line":111,"column":7},"end":{"line":119,"column":1}}]},"24":{"type":"branch","line":112,"loc":{"start":{"line":112,"column":33},"end":{"line":112,"column":46}},"locations":[{"start":{"line":112,"column":33},"end":{"line":112,"column":46}}]},"25":{"type":"branch","line":115,"loc":{"start":{"line":115,"column":29},"end":{"line":115,"column":57}},"locations":[{"start":{"line":115,"column":29},"end":{"line":115,"column":57}}]},"26":{"type":"branch","line":116,"loc":{"start":{"line":116,"column":2},"end":{"line":118,"column":3}},"locations":[{"start":{"line":116,"column":2},"end":{"line":118,"column":3}}]},"27":{"type":"branch","line":133,"loc":{"start":{"line":133,"column":7},"end":{"line":137,"column":1}},"locations":[{"start":{"line":133,"column":7},"end":{"line":137,"column":1}}]},"28":{"type":"branch","line":134,"loc":{"start":{"line":134,"column":33},"end":{"line":134,"column":46}},"locations":[{"start":{"line":134,"column":33},"end":{"line":134,"column":46}}]},"29":{"type":"branch","line":151,"loc":{"start":{"line":151,"column":7},"end":{"line":156,"column":1}},"locations":[{"start":{"line":151,"column":7},"end":{"line":156,"column":1}}]},"30":{"type":"branch","line":152,"loc":{"start":{"line":152,"column":33},"end":{"line":152,"column":46}},"locations":[{"start":{"line":152,"column":33},"end":{"line":152,"column":46}}]}},"b":{"0":[11],"1":[10],"2":[2],"3":[9],"4":[3],"5":[6],"6":[2],"7":[4],"8":[2],"9":[9],"10":[3],"11":[2],"12":[6],"13":[4],"14":[1],"15":[3],"16":[2],"17":[2],"18":[5],"19":[0],"20":[4],"21":[0],"22":[2],"23":[5],"24":[0],"25":[2],"26":[1],"27":[2],"28":[0],"29":[12],"30":[0]},"fnMap":{"0":{"name":"isEmpty","decl":{"start":{"line":15,"column":7},"end":{"line":33,"column":1}},"loc":{"start":{"line":15,"column":7},"end":{"line":33,"column":1}},"line":15},"1":{"name":"isNumeric","decl":{"start":{"line":48,"column":7},"end":{"line":58,"column":1}},"loc":{"start":{"line":48,"column":7},"end":{"line":58,"column":1}},"line":48},"2":{"name":"isAlphabet","decl":{"start":{"line":72,"column":7},"end":{"line":75,"column":1}},"loc":{"start":{"line":72,"column":7},"end":{"line":75,"column":1}},"line":72},"3":{"name":"isURL","decl":{"start":{"line":89,"column":7},"end":{"line":97,"column":1}},"loc":{"start":{"line":89,"column":7},"end":{"line":97,"column":1}},"line":89},"4":{"name":"isJSON","decl":{"start":{"line":111,"column":7},"end":{"line":119,"column":1}},"loc":{"start":{"line":111,"column":7},"end":{"line":119,"column":1}},"line":111},"5":{"name":"isUUID","decl":{"start":{"line":133,"column":7},"end":{"line":137,"column":1}},"loc":{"start":{"line":133,"column":7},"end":{"line":137,"column":1}},"line":133},"6":{"name":"validateEmail","decl":{"start":{"line":151,"column":7},"end":{"line":156,"column":1}},"loc":{"start":{"line":151,"column":7},"end":{"line":156,"column":1}},"line":151}},"f":{"0":11,"1":9,"2":5,"3":4,"4":5,"5":2,"6":12}}
}
